Change Component Comment : Designator=R5 Old Comment=Res2 New Comment=10k(mpl)
Added Component: Designator=MSP1(Msp432_Suport)
Add component. Clean all parameters for all variants
Added Component: Designator=PWM_Servos_uC2(61201022021)
Add component. Clean all parameters for all variants
Add component (AddParameter): Name = "ComponentLink1Description"; Value = "Manufacturer"; VariantName = "[No Variations]"
Add component (AddParameter): Name = "ComponentLink1URL"; Value = "http://www.we-online.de"; VariantName = "[No Variations]"
Add component (AddParameter): Name = "ComponentLink2Description"; Value = "Datasheet"; VariantName = "[No Variations]"
Add component (AddParameter): Name = "ComponentLink2URL"; Value = "https://katalog.we-online.de/em/datasheet/6120xx22021.pdf"; VariantName = "[No Variations]"
Add component (AddParameter): Name = "Contact Resistance"; Value = "20 mOhm"; VariantName = "[No Variations]"
Add component (AddParameter): Name = "Gender"; Value = "Male"; VariantName = "[No Variations]"
Add component (AddParameter): Name = "Mounting Technology"; Value = "THT"; VariantName = "[No Variations]"
Add component (AddParameter): Name = "Operating Temperature"; Value = "-40 to 125 degC"; VariantName = "[No Variations]"
Add component (AddParameter): Name = "Orientation"; Value = "Vertical"; VariantName = "[No Variations]"
Add component (AddParameter): Name = "Packaging"; Value = "Tray"; VariantName = "[No Variations]"
Add component (AddParameter): Name = "Part Number"; Value = "61201022021"; VariantName = "[No Variations]"
Add component (AddParameter): Name = "Pin Number"; Value = "10"; VariantName = "[No Variations]"
Add component (AddParameter): Name = "Pitch"; Value = "2.54 mm"; VariantName = "[No Variations]"
Add component (AddParameter): Name = "Published Date"; Value = "August 2018"; VariantName = "[No Variations]"
Add component (AddParameter): Name = "Publisher"; Value = "Wurth Elektronik"; VariantName = "[No Variations]"
Add component (AddParameter): Name = "Withstanding Voltage"; Value = "500 VAC"; VariantName = "[No Variations]"
Add component (AddParameter): Name = "Working Voltage"; Value = "250 VAC"; VariantName = "[No Variations]"
Added Component: Designator=Sensores_1(61201022021)
Add component. Clean all parameters for all variants
Add component (AddParameter): Name = "ComponentLink1Description"; Value = "Manufacturer"; VariantName = "[No Variations]"
Add component (AddParameter): Name = "ComponentLink1URL"; Value = "http://www.we-online.de"; VariantName = "[No Variations]"
Add component (AddParameter): Name = "ComponentLink2Description"; Value = "Datasheet"; VariantName = "[No Variations]"
Add component (AddParameter): Name = "ComponentLink2URL"; Value = "https://katalog.we-online.de/em/datasheet/6120xx22021.pdf"; VariantName = "[No Variations]"
Add component (AddParameter): Name = "Contact Resistance"; Value = "20 mOhm"; VariantName = "[No Variations]"
Add component (AddParameter): Name = "Gender"; Value = "Male"; VariantName = "[No Variations]"
Add component (AddParameter): Name = "Mounting Technology"; Value = "THT"; VariantName = "[No Variations]"
Add component (AddParameter): Name = "Operating Temperature"; Value = "-40 to 125 degC"; VariantName = "[No Variations]"
Add component (AddParameter): Name = "Orientation"; Value = "Vertical"; VariantName = "[No Variations]"
Add component (AddParameter): Name = "Packaging"; Value = "Tray"; VariantName = "[No Variations]"
Add component (AddParameter): Name = "Part Number"; Value = "61201022021"; VariantName = "[No Variations]"
Add component (AddParameter): Name = "Pin Number"; Value = "10"; VariantName = "[No Variations]"
Add component (AddParameter): Name = "Pitch"; Value = "2.54 mm"; VariantName = "[No Variations]"
Add component (AddParameter): Name = "Published Date"; Value = "August 2018"; VariantName = "[No Variations]"
Add component (AddParameter): Name = "Publisher"; Value = "Wurth Elektronik"; VariantName = "[No Variations]"
Add component (AddParameter): Name = "Withstanding Voltage"; Value = "500 VAC"; VariantName = "[No Variations]"
Add component (AddParameter): Name = "Working Voltage"; Value = "250 VAC"; VariantName = "[No Variations]"
Added Component: Designator=Sensores_2(61201022021)
Add component. Clean all parameters for all variants
Add component (AddParameter): Name = "ComponentLink1Description"; Value = "Manufacturer"; VariantName = "[No Variations]"
Add component (AddParameter): Name = "ComponentLink1URL"; Value = "http://www.we-online.de"; VariantName = "[No Variations]"
Add component (AddParameter): Name = "ComponentLink2Description"; Value = "Datasheet"; VariantName = "[No Variations]"
Add component (AddParameter): Name = "ComponentLink2URL"; Value = "https://katalog.we-online.de/em/datasheet/6120xx22021.pdf"; VariantName = "[No Variations]"
Add component (AddParameter): Name = "Contact Resistance"; Value = "20 mOhm"; VariantName = "[No Variations]"
Add component (AddParameter): Name = "Gender"; Value = "Male"; VariantName = "[No Variations]"
Add component (AddParameter): Name = "Mounting Technology"; Value = "THT"; VariantName = "[No Variations]"
Add component (AddParameter): Name = "Operating Temperature"; Value = "-40 to 125 degC"; VariantName = "[No Variations]"
Add component (AddParameter): Name = "Orientation"; Value = "Vertical"; VariantName = "[No Variations]"
Add component (AddParameter): Name = "Packaging"; Value = "Tray"; VariantName = "[No Variations]"
Add component (AddParameter): Name = "Part Number"; Value = "61201022021"; VariantName = "[No Variations]"
Add component (AddParameter): Name = "Pin Number"; Value = "10"; VariantName = "[No Variations]"
Add component (AddParameter): Name = "Pitch"; Value = "2.54 mm"; VariantName = "[No Variations]"
Add component (AddParameter): Name = "Published Date"; Value = "August 2018"; VariantName = "[No Variations]"
Add component (AddParameter): Name = "Publisher"; Value = "Wurth Elektronik"; VariantName = "[No Variations]"
Add component (AddParameter): Name = "Withstanding Voltage"; Value = "500 VAC"; VariantName = "[No Variations]"
Add component (AddParameter): Name = "Working Voltage"; Value = "250 VAC"; VariantName = "[No Variations]"
Added Component: Designator=Sensores_3(61201022021)
Add component. Clean all parameters for all variants
Add component (AddParameter): Name = "ComponentLink1Description"; Value = "Manufacturer"; VariantName = "[No Variations]"
Add component (AddParameter): Name = "ComponentLink1URL"; Value = "http://www.we-online.de"; VariantName = "[No Variations]"
Add component (AddParameter): Name = "ComponentLink2Description"; Value = "Datasheet"; VariantName = "[No Variations]"
Add component (AddParameter): Name = "ComponentLink2URL"; Value = "https://katalog.we-online.de/em/datasheet/6120xx22021.pdf"; VariantName = "[No Variations]"
Add component (AddParameter): Name = "Contact Resistance"; Value = "20 mOhm"; VariantName = "[No Variations]"
Add component (AddParameter): Name = "Gender"; Value = "Male"; VariantName = "[No Variations]"
Add component (AddParameter): Name = "Mounting Technology"; Value = "THT"; VariantName = "[No Variations]"
Add component (AddParameter): Name = "Operating Temperature"; Value = "-40 to 125 degC"; VariantName = "[No Variations]"
Add component (AddParameter): Name = "Orientation"; Value = "Vertical"; VariantName = "[No Variations]"
Add component (AddParameter): Name = "Packaging"; Value = "Tray"; VariantName = "[No Variations]"
Add component (AddParameter): Name = "Part Number"; Value = "61201022021"; VariantName = "[No Variations]"
Add component (AddParameter): Name = "Pin Number"; Value = "10"; VariantName = "[No Variations]"
Add component (AddParameter): Name = "Pitch"; Value = "2.54 mm"; VariantName = "[No Variations]"
Add component (AddParameter): Name = "Published Date"; Value = "August 2018"; VariantName = "[No Variations]"
Add component (AddParameter): Name = "Publisher"; Value = "Wurth Elektronik"; VariantName = "[No Variations]"
Add component (AddParameter): Name = "Withstanding Voltage"; Value = "500 VAC"; VariantName = "[No Variations]"
Add component (AddParameter): Name = "Working Voltage"; Value = "250 VAC"; VariantName = "[No Variations]"
Added Component: Designator=Sensores_4(61201022021)
Add component. Clean all parameters for all variants
Add component (AddParameter): Name = "ComponentLink1Description"; Value = "Manufacturer"; VariantName = "[No Variations]"
Add component (AddParameter): Name = "ComponentLink1URL"; Value = "http://www.we-online.de"; VariantName = "[No Variations]"
Add component (AddParameter): Name = "ComponentLink2Description"; Value = "Datasheet"; VariantName = "[No Variations]"
Add component (AddParameter): Name = "ComponentLink2URL"; Value = "https://katalog.we-online.de/em/datasheet/6120xx22021.pdf"; VariantName = "[No Variations]"
Add component (AddParameter): Name = "Contact Resistance"; Value = "20 mOhm"; VariantName = "[No Variations]"
Add component (AddParameter): Name = "Gender"; Value = "Male"; VariantName = "[No Variations]"
Add component (AddParameter): Name = "Mounting Technology"; Value = "THT"; VariantName = "[No Variations]"
Add component (AddParameter): Name = "Operating Temperature"; Value = "-40 to 125 degC"; VariantName = "[No Variations]"
Add component (AddParameter): Name = "Orientation"; Value = "Vertical"; VariantName = "[No Variations]"
Add component (AddParameter): Name = "Packaging"; Value = "Tray"; VariantName = "[No Variations]"
Add component (AddParameter): Name = "Part Number"; Value = "61201022021"; VariantName = "[No Variations]"
Add component (AddParameter): Name = "Pin Number"; Value = "10"; VariantName = "[No Variations]"
Add component (AddParameter): Name = "Pitch"; Value = "2.54 mm"; VariantName = "[No Variations]"
Add component (AddParameter): Name = "Published Date"; Value = "August 2018"; VariantName = "[No Variations]"
Add component (AddParameter): Name = "Publisher"; Value = "Wurth Elektronik"; VariantName = "[No Variations]"
Add component (AddParameter): Name = "Withstanding Voltage"; Value = "500 VAC"; VariantName = "[No Variations]"
Add component (AddParameter): Name = "Working Voltage"; Value = "250 VAC"; VariantName = "[No Variations]"
Added Component: Designator=Sensores_5(61201022021)
Add component. Clean all parameters for all variants
Add component (AddParameter): Name = "ComponentLink1Description"; Value = "Manufacturer"; VariantName = "[No Variations]"
Add component (AddParameter): Name = "ComponentLink1URL"; Value = "http://www.we-online.de"; VariantName = "[No Variations]"
Add component (AddParameter): Name = "ComponentLink2Description"; Value = "Datasheet"; VariantName = "[No Variations]"
Add component (AddParameter): Name = "ComponentLink2URL"; Value = "https://katalog.we-online.de/em/datasheet/6120xx22021.pdf"; VariantName = "[No Variations]"
Add component (AddParameter): Name = "Contact Resistance"; Value = "20 mOhm"; VariantName = "[No Variations]"
Add component (AddParameter): Name = "Gender"; Value = "Male"; VariantName = "[No Variations]"
Add component (AddParameter): Name = "Mounting Technology"; Value = "THT"; VariantName = "[No Variations]"
Add component (AddParameter): Name = "Operating Temperature"; Value = "-40 to 125 degC"; VariantName = "[No Variations]"
Add component (AddParameter): Name = "Orientation"; Value = "Vertical"; VariantName = "[No Variations]"
Add component (AddParameter): Name = "Packaging"; Value = "Tray"; VariantName = "[No Variations]"
Add component (AddParameter): Name = "Part Number"; Value = "61201022021"; VariantName = "[No Variations]"
Add component (AddParameter): Name = "Pin Number"; Value = "10"; VariantName = "[No Variations]"
Add component (AddParameter): Name = "Pitch"; Value = "2.54 mm"; VariantName = "[No Variations]"
Add component (AddParameter): Name = "Published Date"; Value = "August 2018"; VariantName = "[No Variations]"
Add component (AddParameter): Name = "Publisher"; Value = "Wurth Elektronik"; VariantName = "[No Variations]"
Add component (AddParameter): Name = "Withstanding Voltage"; Value = "500 VAC"; VariantName = "[No Variations]"
Add component (AddParameter): Name = "Working Voltage"; Value = "250 VAC"; VariantName = "[No Variations]"
Added Component: Designator=Sensores_6(61201022021)
Add component. Clean all parameters for all variants
Add component (AddParameter): Name = "ComponentLink1Description"; Value = "Manufacturer"; VariantName = "[No Variations]"
Add component (AddParameter): Name = "ComponentLink1URL"; Value = "http://www.we-online.de"; VariantName = "[No Variations]"
Add component (AddParameter): Name = "ComponentLink2Description"; Value = "Datasheet"; VariantName = "[No Variations]"
Add component (AddParameter): Name = "ComponentLink2URL"; Value = "https://katalog.we-online.de/em/datasheet/6120xx22021.pdf"; VariantName = "[No Variations]"
Add component (AddParameter): Name = "Contact Resistance"; Value = "20 mOhm"; VariantName = "[No Variations]"
Add component (AddParameter): Name = "Gender"; Value = "Male"; VariantName = "[No Variations]"
Add component (AddParameter): Name = "Mounting Technology"; Value = "THT"; VariantName = "[No Variations]"
Add component (AddParameter): Name = "Operating Temperature"; Value = "-40 to 125 degC"; VariantName = "[No Variations]"
Add component (AddParameter): Name = "Orientation"; Value = "Vertical"; VariantName = "[No Variations]"
Add component (AddParameter): Name = "Packaging"; Value = "Tray"; VariantName = "[No Variations]"
Add component (AddParameter): Name = "Part Number"; Value = "61201022021"; VariantName = "[No Variations]"
Add component (AddParameter): Name = "Pin Number"; Value = "10"; VariantName = "[No Variations]"
Add component (AddParameter): Name = "Pitch"; Value = "2.54 mm"; VariantName = "[No Variations]"
Add component (AddParameter): Name = "Published Date"; Value = "August 2018"; VariantName = "[No Variations]"
Add component (AddParameter): Name = "Publisher"; Value = "Wurth Elektronik"; VariantName = "[No Variations]"
Add component (AddParameter): Name = "Withstanding Voltage"; Value = "500 VAC"; VariantName = "[No Variations]"
Add component (AddParameter): Name = "Working Voltage"; Value = "250 VAC"; VariantName = "[No Variations]"
Added Component: Designator=Sensores_I1(61204022021)
Add component. Clean all parameters for all variants
Add component (AddParameter): Name = "ComponentLink1Description"; Value = "Manufacturer"; VariantName = "[No Variations]"
Add component (AddParameter): Name = "ComponentLink1URL"; Value = "http://www.we-online.de"; VariantName = "[No Variations]"
Add component (AddParameter): Name = "ComponentLink2Description"; Value = "Datasheet"; VariantName = "[No Variations]"
Add component (AddParameter): Name = "ComponentLink2URL"; Value = "https://katalog.we-online.de/em/datasheet/6120xx22021.pdf"; VariantName = "[No Variations]"
Add component (AddParameter): Name = "Contact Resistance"; Value = "20 mOhm"; VariantName = "[No Variations]"
Add component (AddParameter): Name = "Gender"; Value = "Male"; VariantName = "[No Variations]"
Add component (AddParameter): Name = "Mounting Technology"; Value = "THT"; VariantName = "[No Variations]"
Add component (AddParameter): Name = "Operating Temperature"; Value = "-40 to 125 degC"; VariantName = "[No Variations]"
Add component (AddParameter): Name = "Orientation"; Value = "Vertical"; VariantName = "[No Variations]"
Add component (AddParameter): Name = "Packaging"; Value = "Tray"; VariantName = "[No Variations]"
Add component (AddParameter): Name = "Part Number"; Value = "61204022021"; VariantName = "[No Variations]"
Add component (AddParameter): Name = "Pin Number"; Value = "40"; VariantName = "[No Variations]"
Add component (AddParameter): Name = "Pitch"; Value = "2.54 mm"; VariantName = "[No Variations]"
Add component (AddParameter): Name = "Published Date"; Value = "August 2018"; VariantName = "[No Variations]"
Add component (AddParameter): Name = "Publisher"; Value = "Wurth Elektronik"; VariantName = "[No Variations]"
Add component (AddParameter): Name = "Withstanding Voltage"; Value = "500 VAC"; VariantName = "[No Variations]"
Add component (AddParameter): Name = "Working Voltage"; Value = "250 VAC"; VariantName = "[No Variations]"
Added Pin To Net: NetName=3V3_uC Pin=MSP1-1
Added Pin To Net: NetName=I2C1-SCL Pin=MSP1-9
Added Pin To Net: NetName=I2C1-SDA Pin=MSP1-10
Added Pin To Net: NetName=I2C2-SDA Pin=MSP1-11
Added Pin To Net: NetName=PWM_Servo_6 Pin=MSP1-17
Added Pin To Net: NetName=GND_uC Pin=MSP1-20
Added Pin To Net: NetName=GND_uC Pin=MSP1-22
Added Pin To Net: NetName=DBG0 Pin=MSP1-31
Added Pin To Net: NetName=DBG1 Pin=MSP1-32
Added Pin To Net: NetName=DBG2 Pin=MSP1-33
Added Pin To Net: NetName=PWM_Servo_5 Pin=MSP1-34
Added Pin To Net: NetName=PWM_Servo_7 Pin=MSP1-35
Added Pin To Net: NetName=I2C2-SCL Pin=MSP1-40
Added Pin To Net: NetName=PWM_Servo_3 Pin=MSP1-52
Added Pin To Net: NetName=PWM_Servo_1 Pin=MSP1-53
Added Pin To Net: NetName=I2C3-SCL Pin=MSP1-55
Added Pin To Net: NetName=3V3_uC Pin=MSP1-58
Added Pin To Net: NetName=GND_uC Pin=MSP1-59
Added Pin To Net: NetName=PWM_Servo_8 Pin=MSP1-63
Added Pin To Net: NetName=PWM_Servo_4 Pin=MSP1-71
Added Pin To Net: NetName=PWM_Servo_2 Pin=MSP1-72
Added Pin To Net: NetName=I2C3-SDA Pin=MSP1-74
Added Pin To Net: NetName=3V3_uC Pin=MSP1-77
Added Pin To Net: NetName=PWM_Servo_1 Pin=PWM_Servos_uC2-1
Added Pin To Net: NetName=PWM_Servo_2 Pin=PWM_Servos_uC2-2
Added Pin To Net: NetName=PWM_Servo_3 Pin=PWM_Servos_uC2-3
Added Pin To Net: NetName=PWM_Servo_4 Pin=PWM_Servos_uC2-4
Added Pin To Net: NetName=PWM_Servo_5 Pin=PWM_Servos_uC2-5
Added Pin To Net: NetName=PWM_Servo_6 Pin=PWM_Servos_uC2-6
Added Pin To Net: NetName=PWM_Servo_7 Pin=PWM_Servos_uC2-7
Added Pin To Net: NetName=PWM_Servo_8 Pin=PWM_Servos_uC2-8
Added Pin To Net: NetName=3V3_uC Pin=PWM_Servos_uC2-9
Added Pin To Net: NetName=GND_uC Pin=PWM_Servos_uC2-10
Added Pin To Net: NetName=VCC  (SENSOR) Pin=Sensores_1-1
Added Pin To Net: NetName=GND (SENSOR) Pin=Sensores_1-2
Added Pin To Net: NetName=I2C1-SCL Pin=Sensores_1-3
Added Pin To Net: NetName=I2C1-SCL Pin=Sensores_1-4
Added Pin To Net: NetName=I2C1-SDA Pin=Sensores_1-5
Added Pin To Net: NetName=I2C1-SDA Pin=Sensores_1-6
Added Pin To Net: NetName=ADD 1 Pin=Sensores_1-7
Added Pin To Net: NetName=ADD 2 Pin=Sensores_1-8
Added Pin To Net: NetName=I2C2-SDA Pin=Sensores_2-1
Added Pin To Net: NetName=I2C2-SDA Pin=Sensores_2-2
Added Pin To Net: NetName=I2C2-SCL Pin=Sensores_2-3
Added Pin To Net: NetName=I2C2-SCL Pin=Sensores_2-4
Added Pin To Net: NetName=ADD 3 Pin=Sensores_2-5
Added Pin To Net: NetName=ADD 4 Pin=Sensores_2-6
Added Pin To Net: NetName=I2C3-SDA Pin=Sensores_3-1
Added Pin To Net: NetName=I2C3-SDA Pin=Sensores_3-2
Added Pin To Net: NetName=I2C3-SCL Pin=Sensores_3-3
Added Pin To Net: NetName=I2C3-SCL Pin=Sensores_3-4
Added Pin To Net: NetName=ADD 5 Pin=Sensores_3-5
Added Pin To Net: NetName=ADD 6 Pin=Sensores_3-6
Added Pin To Net: NetName=3V3_uC Pin=Sensores_4-1
Added Pin To Net: NetName=GND_uC Pin=Sensores_4-2
Added Pin To Net: NetName=I2C1-SCL Pin=Sensores_4-3
Added Pin To Net: NetName=I2C1-SCL Pin=Sensores_4-4
Added Pin To Net: NetName=I2C1-SDA Pin=Sensores_4-5
Added Pin To Net: NetName=I2C1-SDA Pin=Sensores_4-6
Added Pin To Net: NetName=ADD 1 Pin=Sensores_4-7
Added Pin To Net: NetName=ADD 2 Pin=Sensores_4-8
Added Pin To Net: NetName=I2C2-SDA Pin=Sensores_5-1
Added Pin To Net: NetName=I2C2-SDA Pin=Sensores_5-2
Added Pin To Net: NetName=I2C2-SCL Pin=Sensores_5-3
Added Pin To Net: NetName=I2C2-SCL Pin=Sensores_5-4
Added Pin To Net: NetName=ADD 3 Pin=Sensores_5-5
Added Pin To Net: NetName=ADD 4 Pin=Sensores_5-6
Added Pin To Net: NetName=I2C3-SDA Pin=Sensores_6-1
Added Pin To Net: NetName=I2C3-SDA Pin=Sensores_6-2
Added Pin To Net: NetName=I2C3-SCL Pin=Sensores_6-3
Added Pin To Net: NetName=I2C3-SCL Pin=Sensores_6-4
Added Pin To Net: NetName=ADD 5 Pin=Sensores_6-5
Added Pin To Net: NetName=ADD 6 Pin=Sensores_6-6
Added Pin To Net: NetName=VCC  (SENSOR) Pin=Sensores_I1-1
Added Pin To Net: NetName=GND (SENSOR) Pin=Sensores_I1-2
Added Pin To Net: NetName=I2C1-SCL Pin=Sensores_I1-3
Added Pin To Net: NetName=I2C1-SDA Pin=Sensores_I1-4
Added Pin To Net: NetName=ADD 1 Pin=Sensores_I1-5
Added Pin To Net: NetName=VCC  (SENSOR) Pin=Sensores_I1-6
Added Pin To Net: NetName=GND (SENSOR) Pin=Sensores_I1-7
Added Pin To Net: NetName=I2C1-SCL Pin=Sensores_I1-8
Added Pin To Net: NetName=I2C1-SDA Pin=Sensores_I1-9
Added Pin To Net: NetName=ADD 2 Pin=Sensores_I1-10
Added Pin To Net: NetName=VCC  (SENSOR) Pin=Sensores_I1-11
Added Pin To Net: NetName=GND (SENSOR) Pin=Sensores_I1-12
Added Pin To Net: NetName=I2C2-SCL Pin=Sensores_I1-13
Added Pin To Net: NetName=I2C2-SDA Pin=Sensores_I1-14
Added Pin To Net: NetName=ADD 3 Pin=Sensores_I1-15
Added Pin To Net: NetName=VCC  (SENSOR) Pin=Sensores_I1-16
Added Pin To Net: NetName=GND (SENSOR) Pin=Sensores_I1-17
Added Pin To Net: NetName=I2C2-SCL Pin=Sensores_I1-18
Added Pin To Net: NetName=I2C2-SDA Pin=Sensores_I1-19
Added Pin To Net: NetName=ADD 4 Pin=Sensores_I1-20
Added Pin To Net: NetName=VCC  (SENSOR) Pin=Sensores_I1-21
Added Pin To Net: NetName=GND (SENSOR) Pin=Sensores_I1-22
Added Pin To Net: NetName=I2C3-SCL Pin=Sensores_I1-23
Added Pin To Net: NetName=I2C3-SDA Pin=Sensores_I1-24
Added Pin To Net: NetName=ADD 5 Pin=Sensores_I1-25
Added Pin To Net: NetName=VCC  (SENSOR) Pin=Sensores_I1-26
Added Pin To Net: NetName=GND (SENSOR) Pin=Sensores_I1-27
Added Pin To Net: NetName=I2C3-SCL Pin=Sensores_I1-28
Added Pin To Net: NetName=I2C3-SDA Pin=Sensores_I1-29
Added Pin To Net: NetName=ADD 6 Pin=Sensores_I1-30
Added Member To Class: ClassName=Placa_do_uControlador Member=Component MSP1 MSP432-support
Added Member To Class: ClassName=Placa_do_uControlador Member=Component PWM_Servos_uC2 61201022021
Added Member To Class: ClassName=Placa_da_Base Member=Component Sensores_1 61201022021
Added Member To Class: ClassName=Placa_da_Base Member=Component Sensores_2 61201022021
Added Member To Class: ClassName=Placa_da_Base Member=Component Sensores_3 61201022021
Added Member To Class: ClassName=Placa_do_uControlador Member=Component Sensores_4 61201022021
Added Member To Class: ClassName=Placa_do_uControlador Member=Component Sensores_5 61201022021
Added Member To Class: ClassName=Placa_do_uControlador Member=Component Sensores_6 61201022021
Added Member To Class: ClassName=Placa_da_Base Member=Component Sensores_I1 61204022021
Added Room: Name=Placa_da_Base
Added Room: Name=Placa_do_uControlador
