Added Component: Designator=C1(CAPR5-4X5)
Add component. Clean all parameters for all variants
Add component (AddParameter): Name = "PackageDescription"; Value = "Capacitor; 2 Leads"; VariantName = "[No Variations]"
Add component (AddParameter): Name = "PackageReference"; Value = "CAPR5-4X5"; VariantName = "[No Variations]"
Add component (AddParameter): Name = "Published"; Value = "23-Sep-2002"; VariantName = "[No Variations]"
Add component (AddParameter): Name = "Publisher"; Value = "Altium Limited"; VariantName = "[No Variations]"
Add component (AddParameter): Name = "Value"; Value = "1nF(102)"; VariantName = "[No Variations]"
Added Component: Designator=C2(CAPR5-4X5)
Add component. Clean all parameters for all variants
Add component (AddParameter): Name = "PackageDescription"; Value = "Capacitor; 2 Leads"; VariantName = "[No Variations]"
Add component (AddParameter): Name = "PackageReference"; Value = "CAPR5-4X5"; VariantName = "[No Variations]"
Add component (AddParameter): Name = "Published"; Value = "23-Sep-2002"; VariantName = "[No Variations]"
Add component (AddParameter): Name = "Publisher"; Value = "Altium Limited"; VariantName = "[No Variations]"
Add component (AddParameter): Name = "Value"; Value = "1nF(102)"; VariantName = "[No Variations]"
Added Component: Designator=C3(CAPR5-4X5)
Add component. Clean all parameters for all variants
Add component (AddParameter): Name = "PackageDescription"; Value = "Capacitor; 2 Leads"; VariantName = "[No Variations]"
Add component (AddParameter): Name = "PackageReference"; Value = "CAPR5-4X5"; VariantName = "[No Variations]"
Add component (AddParameter): Name = "Published"; Value = "23-Sep-2002"; VariantName = "[No Variations]"
Add component (AddParameter): Name = "Publisher"; Value = "Altium Limited"; VariantName = "[No Variations]"
Add component (AddParameter): Name = "Value"; Value = "1nF(102)"; VariantName = "[No Variations]"
Added Component: Designator=C4(CAPR5-4X5)
Add component. Clean all parameters for all variants
Add component (AddParameter): Name = "PackageDescription"; Value = "Capacitor; 2 Leads"; VariantName = "[No Variations]"
Add component (AddParameter): Name = "PackageReference"; Value = "CAPR5-4X5"; VariantName = "[No Variations]"
Add component (AddParameter): Name = "Published"; Value = "23-Sep-2002"; VariantName = "[No Variations]"
Add component (AddParameter): Name = "Publisher"; Value = "Altium Limited"; VariantName = "[No Variations]"
Add component (AddParameter): Name = "Value"; Value = "1nF(102)"; VariantName = "[No Variations]"
Added Component: Designator=C5(CAPR5-4X5)
Add component. Clean all parameters for all variants
Add component (AddParameter): Name = "PackageDescription"; Value = "Capacitor; 2 Leads"; VariantName = "[No Variations]"
Add component (AddParameter): Name = "PackageReference"; Value = "CAPR5-4X5"; VariantName = "[No Variations]"
Add component (AddParameter): Name = "Published"; Value = "23-Sep-2002"; VariantName = "[No Variations]"
Add component (AddParameter): Name = "Publisher"; Value = "Altium Limited"; VariantName = "[No Variations]"
Add component (AddParameter): Name = "Value"; Value = "1nF(102)"; VariantName = "[No Variations]"
Added Component: Designator=C6(CAPR5-4X5)
Add component. Clean all parameters for all variants
Add component (AddParameter): Name = "PackageDescription"; Value = "Capacitor; 2 Leads"; VariantName = "[No Variations]"
Add component (AddParameter): Name = "PackageReference"; Value = "CAPR5-4X5"; VariantName = "[No Variations]"
Add component (AddParameter): Name = "Published"; Value = "23-Sep-2002"; VariantName = "[No Variations]"
Add component (AddParameter): Name = "Publisher"; Value = "Altium Limited"; VariantName = "[No Variations]"
Add component (AddParameter): Name = "Value"; Value = "1nF(102)"; VariantName = "[No Variations]"
Added Component: Designator=MSP432-support(Msp432_Suport)
Add component. Clean all parameters for all variants
Added Component: Designator=Q1(TO-92A)
Add component. Clean all parameters for all variants
Add component (AddParameter): Name = "ComponentLink1Description"; Value = "Manufacturer Link"; VariantName = "[No Variations]"
Add component (AddParameter): Name = "ComponentLink1URL"; Value = "http://www.fairchildsemi.com/"; VariantName = "[No Variations]"
Add component (AddParameter): Name = "ComponentLink2Description"; Value = "Datasheet"; VariantName = "[No Variations]"
Add component (AddParameter): Name = "ComponentLink2URL"; Value = "http://www.fairchildsemi.com/ds/2N%2F2N3904.pdf"; VariantName = "[No Variations]"
Add component (AddParameter): Name = "DatasheetVersion"; Value = "1997"; VariantName = "[No Variations]"
Add component (AddParameter): Name = "LatestRevisionDate"; Value = "15-Jan-2003"; VariantName = "[No Variations]"
Add component (AddParameter): Name = "LatestRevisionNote"; Value = "PCB Footprint 'BCY-W3/D4.7' replaced"; VariantName = "[No Variations]"
Add component (AddParameter): Name = "Modelo"; Value = "BC547B"; VariantName = "[No Variations]"
Add component (AddParameter): Name = "PackageDescription"; Value = "TO, Flat Index; 3 In-Line, Axial Leads; Body Dia. 4.5mm; Leads 0.51 x 0.48 mm (max)"; VariantName = "[No Variations]"
Add component (AddParameter): Name = "PackageReference"; Value = "TO-92A"; VariantName = "[No Variations]"
Add component (AddParameter): Name = "PackageVersion"; Value = "Sep-1998"; VariantName = "[No Variations]"
Add component (AddParameter): Name = "Published"; Value = "8-Jun-2000"; VariantName = "[No Variations]"
Add component (AddParameter): Name = "Publisher"; Value = "Altium Limited"; VariantName = "[No Variations]"
Added Component: Designator=Q2(TO-92A)
Add component. Clean all parameters for all variants
Add component (AddParameter): Name = "ComponentLink1Description"; Value = "Manufacturer Link"; VariantName = "[No Variations]"
Add component (AddParameter): Name = "ComponentLink1URL"; Value = "http://www.fairchildsemi.com/"; VariantName = "[No Variations]"
Add component (AddParameter): Name = "ComponentLink2Description"; Value = "Datasheet"; VariantName = "[No Variations]"
Add component (AddParameter): Name = "ComponentLink2URL"; Value = "http://www.fairchildsemi.com/ds/2N%2F2N3904.pdf"; VariantName = "[No Variations]"
Add component (AddParameter): Name = "DatasheetVersion"; Value = "1997"; VariantName = "[No Variations]"
Add component (AddParameter): Name = "LatestRevisionDate"; Value = "15-Jan-2003"; VariantName = "[No Variations]"
Add component (AddParameter): Name = "LatestRevisionNote"; Value = "PCB Footprint 'BCY-W3/D4.7' replaced"; VariantName = "[No Variations]"
Add component (AddParameter): Name = "Modelo"; Value = "BC547B"; VariantName = "[No Variations]"
Add component (AddParameter): Name = "PackageDescription"; Value = "TO, Flat Index; 3 In-Line, Axial Leads; Body Dia. 4.5mm; Leads 0.51 x 0.48 mm (max)"; VariantName = "[No Variations]"
Add component (AddParameter): Name = "PackageReference"; Value = "TO-92A"; VariantName = "[No Variations]"
Add component (AddParameter): Name = "PackageVersion"; Value = "Sep-1998"; VariantName = "[No Variations]"
Add component (AddParameter): Name = "Published"; Value = "8-Jun-2000"; VariantName = "[No Variations]"
Add component (AddParameter): Name = "Publisher"; Value = "Altium Limited"; VariantName = "[No Variations]"
Added Component: Designator=Q3(TO-92A)
Add component. Clean all parameters for all variants
Add component (AddParameter): Name = "ComponentLink1Description"; Value = "Manufacturer Link"; VariantName = "[No Variations]"
Add component (AddParameter): Name = "ComponentLink1URL"; Value = "http://www.fairchildsemi.com/"; VariantName = "[No Variations]"
Add component (AddParameter): Name = "ComponentLink2Description"; Value = "Datasheet"; VariantName = "[No Variations]"
Add component (AddParameter): Name = "ComponentLink2URL"; Value = "http://www.fairchildsemi.com/ds/2N%2F2N3904.pdf"; VariantName = "[No Variations]"
Add component (AddParameter): Name = "DatasheetVersion"; Value = "1997"; VariantName = "[No Variations]"
Add component (AddParameter): Name = "LatestRevisionDate"; Value = "15-Jan-2003"; VariantName = "[No Variations]"
Add component (AddParameter): Name = "LatestRevisionNote"; Value = "PCB Footprint 'BCY-W3/D4.7' replaced"; VariantName = "[No Variations]"
Add component (AddParameter): Name = "Modelo"; Value = "BC547B"; VariantName = "[No Variations]"
Add component (AddParameter): Name = "PackageDescription"; Value = "TO, Flat Index; 3 In-Line, Axial Leads; Body Dia. 4.5mm; Leads 0.51 x 0.48 mm (max)"; VariantName = "[No Variations]"
Add component (AddParameter): Name = "PackageReference"; Value = "TO-92A"; VariantName = "[No Variations]"
Add component (AddParameter): Name = "PackageVersion"; Value = "Sep-1998"; VariantName = "[No Variations]"
Add component (AddParameter): Name = "Published"; Value = "8-Jun-2000"; VariantName = "[No Variations]"
Add component (AddParameter): Name = "Publisher"; Value = "Altium Limited"; VariantName = "[No Variations]"
Added Component: Designator=Q4(TO-92A)
Add component. Clean all parameters for all variants
Add component (AddParameter): Name = "ComponentLink1Description"; Value = "Manufacturer Link"; VariantName = "[No Variations]"
Add component (AddParameter): Name = "ComponentLink1URL"; Value = "http://www.fairchildsemi.com/"; VariantName = "[No Variations]"
Add component (AddParameter): Name = "ComponentLink2Description"; Value = "Datasheet"; VariantName = "[No Variations]"
Add component (AddParameter): Name = "ComponentLink2URL"; Value = "http://www.fairchildsemi.com/ds/2N%2F2N3904.pdf"; VariantName = "[No Variations]"
Add component (AddParameter): Name = "DatasheetVersion"; Value = "1997"; VariantName = "[No Variations]"
Add component (AddParameter): Name = "LatestRevisionDate"; Value = "15-Jan-2003"; VariantName = "[No Variations]"
Add component (AddParameter): Name = "LatestRevisionNote"; Value = "PCB Footprint 'BCY-W3/D4.7' replaced"; VariantName = "[No Variations]"
Add component (AddParameter): Name = "Modelo"; Value = "BC547B"; VariantName = "[No Variations]"
Add component (AddParameter): Name = "PackageDescription"; Value = "TO, Flat Index; 3 In-Line, Axial Leads; Body Dia. 4.5mm; Leads 0.51 x 0.48 mm (max)"; VariantName = "[No Variations]"
Add component (AddParameter): Name = "PackageReference"; Value = "TO-92A"; VariantName = "[No Variations]"
Add component (AddParameter): Name = "PackageVersion"; Value = "Sep-1998"; VariantName = "[No Variations]"
Add component (AddParameter): Name = "Published"; Value = "8-Jun-2000"; VariantName = "[No Variations]"
Add component (AddParameter): Name = "Publisher"; Value = "Altium Limited"; VariantName = "[No Variations]"
Added Component: Designator=Q5(TO-92A)
Add component. Clean all parameters for all variants
Add component (AddParameter): Name = "ComponentLink1Description"; Value = "Manufacturer Link"; VariantName = "[No Variations]"
Add component (AddParameter): Name = "ComponentLink1URL"; Value = "http://www.fairchildsemi.com/"; VariantName = "[No Variations]"
Add component (AddParameter): Name = "ComponentLink2Description"; Value = "Datasheet"; VariantName = "[No Variations]"
Add component (AddParameter): Name = "ComponentLink2URL"; Value = "http://www.fairchildsemi.com/ds/2N%2F2N3904.pdf"; VariantName = "[No Variations]"
Add component (AddParameter): Name = "DatasheetVersion"; Value = "1997"; VariantName = "[No Variations]"
Add component (AddParameter): Name = "LatestRevisionDate"; Value = "15-Jan-2003"; VariantName = "[No Variations]"
Add component (AddParameter): Name = "LatestRevisionNote"; Value = "PCB Footprint 'BCY-W3/D4.7' replaced"; VariantName = "[No Variations]"
Add component (AddParameter): Name = "Modelo"; Value = "BC547B"; VariantName = "[No Variations]"
Add component (AddParameter): Name = "PackageDescription"; Value = "TO, Flat Index; 3 In-Line, Axial Leads; Body Dia. 4.5mm; Leads 0.51 x 0.48 mm (max)"; VariantName = "[No Variations]"
Add component (AddParameter): Name = "PackageReference"; Value = "TO-92A"; VariantName = "[No Variations]"
Add component (AddParameter): Name = "PackageVersion"; Value = "Sep-1998"; VariantName = "[No Variations]"
Add component (AddParameter): Name = "Published"; Value = "8-Jun-2000"; VariantName = "[No Variations]"
Add component (AddParameter): Name = "Publisher"; Value = "Altium Limited"; VariantName = "[No Variations]"
Added Component: Designator=Q6(TO-92A)
Add component. Clean all parameters for all variants
Add component (AddParameter): Name = "ComponentLink1Description"; Value = "Manufacturer Link"; VariantName = "[No Variations]"
Add component (AddParameter): Name = "ComponentLink1URL"; Value = "http://www.fairchildsemi.com/"; VariantName = "[No Variations]"
Add component (AddParameter): Name = "ComponentLink2Description"; Value = "Datasheet"; VariantName = "[No Variations]"
Add component (AddParameter): Name = "ComponentLink2URL"; Value = "http://www.fairchildsemi.com/ds/2N%2F2N3904.pdf"; VariantName = "[No Variations]"
Add component (AddParameter): Name = "DatasheetVersion"; Value = "1997"; VariantName = "[No Variations]"
Add component (AddParameter): Name = "LatestRevisionDate"; Value = "15-Jan-2003"; VariantName = "[No Variations]"
Add component (AddParameter): Name = "LatestRevisionNote"; Value = "PCB Footprint 'BCY-W3/D4.7' replaced"; VariantName = "[No Variations]"
Add component (AddParameter): Name = "Modelo"; Value = "BC547B"; VariantName = "[No Variations]"
Add component (AddParameter): Name = "PackageDescription"; Value = "TO, Flat Index; 3 In-Line, Axial Leads; Body Dia. 4.5mm; Leads 0.51 x 0.48 mm (max)"; VariantName = "[No Variations]"
Add component (AddParameter): Name = "PackageReference"; Value = "TO-92A"; VariantName = "[No Variations]"
Add component (AddParameter): Name = "PackageVersion"; Value = "Sep-1998"; VariantName = "[No Variations]"
Add component (AddParameter): Name = "Published"; Value = "8-Jun-2000"; VariantName = "[No Variations]"
Add component (AddParameter): Name = "Publisher"; Value = "Altium Limited"; VariantName = "[No Variations]"
Added Component: Designator=R1(AXIAL-0.4)
Add component. Clean all parameters for all variants
Add component (AddParameter): Name = "LatestRevisionDate"; Value = "17-Jul-2002"; VariantName = "[No Variations]"
Add component (AddParameter): Name = "LatestRevisionNote"; Value = "Re-released for DXP Platform."; VariantName = "[No Variations]"
Add component (AddParameter): Name = "PackageDescription"; Value = "Axial Device, Thru-Hole; 2 Leads; 0.4 in Pin Spacing"; VariantName = "[No Variations]"
Add component (AddParameter): Name = "PackageReference"; Value = "AXIAL-0.4"; VariantName = "[No Variations]"
Add component (AddParameter): Name = "Published"; Value = "8-Jun-2000"; VariantName = "[No Variations]"
Add component (AddParameter): Name = "Publisher"; Value = "Altium Limited"; VariantName = "[No Variations]"
Add component (AddParameter): Name = "Value"; Value = "100R(mpm)"; VariantName = "[No Variations]"
Added Component: Designator=R2(AXIAL-0.4)
Add component. Clean all parameters for all variants
Add component (AddParameter): Name = "LatestRevisionDate"; Value = "17-Jul-2002"; VariantName = "[No Variations]"
Add component (AddParameter): Name = "LatestRevisionNote"; Value = "Re-released for DXP Platform."; VariantName = "[No Variations]"
Add component (AddParameter): Name = "PackageDescription"; Value = "Axial Device, Thru-Hole; 2 Leads; 0.4 in Pin Spacing"; VariantName = "[No Variations]"
Add component (AddParameter): Name = "PackageReference"; Value = "AXIAL-0.4"; VariantName = "[No Variations]"
Add component (AddParameter): Name = "Published"; Value = "8-Jun-2000"; VariantName = "[No Variations]"
Add component (AddParameter): Name = "Publisher"; Value = "Altium Limited"; VariantName = "[No Variations]"
Add component (AddParameter): Name = "Value"; Value = "100R(mpm)"; VariantName = "[No Variations]"
Added Component: Designator=R3(AXIAL-0.4)
Add component. Clean all parameters for all variants
Add component (AddParameter): Name = "LatestRevisionDate"; Value = "17-Jul-2002"; VariantName = "[No Variations]"
Add component (AddParameter): Name = "LatestRevisionNote"; Value = "Re-released for DXP Platform."; VariantName = "[No Variations]"
Add component (AddParameter): Name = "PackageDescription"; Value = "Axial Device, Thru-Hole; 2 Leads; 0.4 in Pin Spacing"; VariantName = "[No Variations]"
Add component (AddParameter): Name = "PackageReference"; Value = "AXIAL-0.4"; VariantName = "[No Variations]"
Add component (AddParameter): Name = "Published"; Value = "8-Jun-2000"; VariantName = "[No Variations]"
Add component (AddParameter): Name = "Publisher"; Value = "Altium Limited"; VariantName = "[No Variations]"
Add component (AddParameter): Name = "Value"; Value = "10K (mpl)"; VariantName = "[No Variations]"
Added Component: Designator=R4(AXIAL-0.4)
Add component. Clean all parameters for all variants
Add component (AddParameter): Name = "LatestRevisionDate"; Value = "17-Jul-2002"; VariantName = "[No Variations]"
Add component (AddParameter): Name = "LatestRevisionNote"; Value = "Re-released for DXP Platform."; VariantName = "[No Variations]"
Add component (AddParameter): Name = "PackageDescription"; Value = "Axial Device, Thru-Hole; 2 Leads; 0.4 in Pin Spacing"; VariantName = "[No Variations]"
Add component (AddParameter): Name = "PackageReference"; Value = "AXIAL-0.4"; VariantName = "[No Variations]"
Add component (AddParameter): Name = "Published"; Value = "8-Jun-2000"; VariantName = "[No Variations]"
Add component (AddParameter): Name = "Publisher"; Value = "Altium Limited"; VariantName = "[No Variations]"
Add component (AddParameter): Name = "Value"; Value = "10K (mpl)"; VariantName = "[No Variations]"
Added Component: Designator=R5(AXIAL-0.4)
Add component. Clean all parameters for all variants
Add component (AddParameter): Name = "LatestRevisionDate"; Value = "17-Jul-2002"; VariantName = "[No Variations]"
Add component (AddParameter): Name = "LatestRevisionNote"; Value = "Re-released for DXP Platform."; VariantName = "[No Variations]"
Add component (AddParameter): Name = "PackageDescription"; Value = "Axial Device, Thru-Hole; 2 Leads; 0.4 in Pin Spacing"; VariantName = "[No Variations]"
Add component (AddParameter): Name = "PackageReference"; Value = "AXIAL-0.4"; VariantName = "[No Variations]"
Add component (AddParameter): Name = "Published"; Value = "8-Jun-2000"; VariantName = "[No Variations]"
Add component (AddParameter): Name = "Publisher"; Value = "Altium Limited"; VariantName = "[No Variations]"
Add component (AddParameter): Name = "Value"; Value = "10k(mpl)"; VariantName = "[No Variations]"
Added Component: Designator=R6(AXIAL-0.4)
Add component. Clean all parameters for all variants
Add component (AddParameter): Name = "LatestRevisionDate"; Value = "17-Jul-2002"; VariantName = "[No Variations]"
Add component (AddParameter): Name = "LatestRevisionNote"; Value = "Re-released for DXP Platform."; VariantName = "[No Variations]"
Add component (AddParameter): Name = "PackageDescription"; Value = "Axial Device, Thru-Hole; 2 Leads; 0.4 in Pin Spacing"; VariantName = "[No Variations]"
Add component (AddParameter): Name = "PackageReference"; Value = "AXIAL-0.4"; VariantName = "[No Variations]"
Add component (AddParameter): Name = "Published"; Value = "8-Jun-2000"; VariantName = "[No Variations]"
Add component (AddParameter): Name = "Publisher"; Value = "Altium Limited"; VariantName = "[No Variations]"
Add component (AddParameter): Name = "Value"; Value = "10k(mpl)"; VariantName = "[No Variations]"
Added Component: Designator=R7(AXIAL-0.4)
Add component. Clean all parameters for all variants
Add component (AddParameter): Name = "LatestRevisionDate"; Value = "17-Jul-2002"; VariantName = "[No Variations]"
Add component (AddParameter): Name = "LatestRevisionNote"; Value = "Re-released for DXP Platform."; VariantName = "[No Variations]"
Add component (AddParameter): Name = "PackageDescription"; Value = "Axial Device, Thru-Hole; 2 Leads; 0.4 in Pin Spacing"; VariantName = "[No Variations]"
Add component (AddParameter): Name = "PackageReference"; Value = "AXIAL-0.4"; VariantName = "[No Variations]"
Add component (AddParameter): Name = "Published"; Value = "8-Jun-2000"; VariantName = "[No Variations]"
Add component (AddParameter): Name = "Publisher"; Value = "Altium Limited"; VariantName = "[No Variations]"
Add component (AddParameter): Name = "Value"; Value = "10K (mpl)"; VariantName = "[No Variations]"
Added Component: Designator=R8(AXIAL-0.4)
Add component. Clean all parameters for all variants
Add component (AddParameter): Name = "LatestRevisionDate"; Value = "17-Jul-2002"; VariantName = "[No Variations]"
Add component (AddParameter): Name = "LatestRevisionNote"; Value = "Re-released for DXP Platform."; VariantName = "[No Variations]"
Add component (AddParameter): Name = "PackageDescription"; Value = "Axial Device, Thru-Hole; 2 Leads; 0.4 in Pin Spacing"; VariantName = "[No Variations]"
Add component (AddParameter): Name = "PackageReference"; Value = "AXIAL-0.4"; VariantName = "[No Variations]"
Add component (AddParameter): Name = "Published"; Value = "8-Jun-2000"; VariantName = "[No Variations]"
Add component (AddParameter): Name = "Publisher"; Value = "Altium Limited"; VariantName = "[No Variations]"
Add component (AddParameter): Name = "Value"; Value = "10K (mpl)"; VariantName = "[No Variations]"
Added Component: Designator=R9(AXIAL-0.4)
Add component. Clean all parameters for all variants
Add component (AddParameter): Name = "LatestRevisionDate"; Value = "17-Jul-2002"; VariantName = "[No Variations]"
Add component (AddParameter): Name = "LatestRevisionNote"; Value = "Re-released for DXP Platform."; VariantName = "[No Variations]"
Add component (AddParameter): Name = "PackageDescription"; Value = "Axial Device, Thru-Hole; 2 Leads; 0.4 in Pin Spacing"; VariantName = "[No Variations]"
Add component (AddParameter): Name = "PackageReference"; Value = "AXIAL-0.4"; VariantName = "[No Variations]"
Add component (AddParameter): Name = "Published"; Value = "8-Jun-2000"; VariantName = "[No Variations]"
Add component (AddParameter): Name = "Publisher"; Value = "Altium Limited"; VariantName = "[No Variations]"
Add component (AddParameter): Name = "Value"; Value = "100R(mpm)"; VariantName = "[No Variations]"
Added Component: Designator=R10(AXIAL-0.4)
Add component. Clean all parameters for all variants
Add component (AddParameter): Name = "LatestRevisionDate"; Value = "17-Jul-2002"; VariantName = "[No Variations]"
Add component (AddParameter): Name = "LatestRevisionNote"; Value = "Re-released for DXP Platform."; VariantName = "[No Variations]"
Add component (AddParameter): Name = "PackageDescription"; Value = "Axial Device, Thru-Hole; 2 Leads; 0.4 in Pin Spacing"; VariantName = "[No Variations]"
Add component (AddParameter): Name = "PackageReference"; Value = "AXIAL-0.4"; VariantName = "[No Variations]"
Add component (AddParameter): Name = "Published"; Value = "8-Jun-2000"; VariantName = "[No Variations]"
Add component (AddParameter): Name = "Publisher"; Value = "Altium Limited"; VariantName = "[No Variations]"
Add component (AddParameter): Name = "Value"; Value = "10K (mpl)"; VariantName = "[No Variations]"
Added Component: Designator=R11(AXIAL-0.4)
Add component. Clean all parameters for all variants
Add component (AddParameter): Name = "LatestRevisionDate"; Value = "17-Jul-2002"; VariantName = "[No Variations]"
Add component (AddParameter): Name = "LatestRevisionNote"; Value = "Re-released for DXP Platform."; VariantName = "[No Variations]"
Add component (AddParameter): Name = "PackageDescription"; Value = "Axial Device, Thru-Hole; 2 Leads; 0.4 in Pin Spacing"; VariantName = "[No Variations]"
Add component (AddParameter): Name = "PackageReference"; Value = "AXIAL-0.4"; VariantName = "[No Variations]"
Add component (AddParameter): Name = "Published"; Value = "8-Jun-2000"; VariantName = "[No Variations]"
Add component (AddParameter): Name = "Publisher"; Value = "Altium Limited"; VariantName = "[No Variations]"
Add component (AddParameter): Name = "Value"; Value = "100R(mpm)"; VariantName = "[No Variations]"
Added Component: Designator=R12(AXIAL-0.4)
Add component. Clean all parameters for all variants
Add component (AddParameter): Name = "LatestRevisionDate"; Value = "17-Jul-2002"; VariantName = "[No Variations]"
Add component (AddParameter): Name = "LatestRevisionNote"; Value = "Re-released for DXP Platform."; VariantName = "[No Variations]"
Add component (AddParameter): Name = "PackageDescription"; Value = "Axial Device, Thru-Hole; 2 Leads; 0.4 in Pin Spacing"; VariantName = "[No Variations]"
Add component (AddParameter): Name = "PackageReference"; Value = "AXIAL-0.4"; VariantName = "[No Variations]"
Add component (AddParameter): Name = "Published"; Value = "8-Jun-2000"; VariantName = "[No Variations]"
Add component (AddParameter): Name = "Publisher"; Value = "Altium Limited"; VariantName = "[No Variations]"
Add component (AddParameter): Name = "Value"; Value = "10K (mpl)"; VariantName = "[No Variations]"
Added Component: Designator=R13(AXIAL-0.4)
Add component. Clean all parameters for all variants
Add component (AddParameter): Name = "LatestRevisionDate"; Value = "17-Jul-2002"; VariantName = "[No Variations]"
Add component (AddParameter): Name = "LatestRevisionNote"; Value = "Re-released for DXP Platform."; VariantName = "[No Variations]"
Add component (AddParameter): Name = "PackageDescription"; Value = "Axial Device, Thru-Hole; 2 Leads; 0.4 in Pin Spacing"; VariantName = "[No Variations]"
Add component (AddParameter): Name = "PackageReference"; Value = "AXIAL-0.4"; VariantName = "[No Variations]"
Add component (AddParameter): Name = "Published"; Value = "8-Jun-2000"; VariantName = "[No Variations]"
Add component (AddParameter): Name = "Publisher"; Value = "Altium Limited"; VariantName = "[No Variations]"
Add component (AddParameter): Name = "Value"; Value = "10k(mpl)"; VariantName = "[No Variations]"
Added Component: Designator=R14(AXIAL-0.4)
Add component. Clean all parameters for all variants
Add component (AddParameter): Name = "LatestRevisionDate"; Value = "17-Jul-2002"; VariantName = "[No Variations]"
Add component (AddParameter): Name = "LatestRevisionNote"; Value = "Re-released for DXP Platform."; VariantName = "[No Variations]"
Add component (AddParameter): Name = "PackageDescription"; Value = "Axial Device, Thru-Hole; 2 Leads; 0.4 in Pin Spacing"; VariantName = "[No Variations]"
Add component (AddParameter): Name = "PackageReference"; Value = "AXIAL-0.4"; VariantName = "[No Variations]"
Add component (AddParameter): Name = "Published"; Value = "8-Jun-2000"; VariantName = "[No Variations]"
Add component (AddParameter): Name = "Publisher"; Value = "Altium Limited"; VariantName = "[No Variations]"
Add component (AddParameter): Name = "Value"; Value = "10K (mpl)"; VariantName = "[No Variations]"
Added Component: Designator=R15(AXIAL-0.4)
Add component. Clean all parameters for all variants
Add component (AddParameter): Name = "LatestRevisionDate"; Value = "17-Jul-2002"; VariantName = "[No Variations]"
Add component (AddParameter): Name = "LatestRevisionNote"; Value = "Re-released for DXP Platform."; VariantName = "[No Variations]"
Add component (AddParameter): Name = "PackageDescription"; Value = "Axial Device, Thru-Hole; 2 Leads; 0.4 in Pin Spacing"; VariantName = "[No Variations]"
Add component (AddParameter): Name = "PackageReference"; Value = "AXIAL-0.4"; VariantName = "[No Variations]"
Add component (AddParameter): Name = "Published"; Value = "8-Jun-2000"; VariantName = "[No Variations]"
Add component (AddParameter): Name = "Publisher"; Value = "Altium Limited"; VariantName = "[No Variations]"
Add component (AddParameter): Name = "Value"; Value = "10k(mpl)"; VariantName = "[No Variations]"
Added Component: Designator=R16(AXIAL-0.4)
Add component. Clean all parameters for all variants
Add component (AddParameter): Name = "LatestRevisionDate"; Value = "17-Jul-2002"; VariantName = "[No Variations]"
Add component (AddParameter): Name = "LatestRevisionNote"; Value = "Re-released for DXP Platform."; VariantName = "[No Variations]"
Add component (AddParameter): Name = "PackageDescription"; Value = "Axial Device, Thru-Hole; 2 Leads; 0.4 in Pin Spacing"; VariantName = "[No Variations]"
Add component (AddParameter): Name = "PackageReference"; Value = "AXIAL-0.4"; VariantName = "[No Variations]"
Add component (AddParameter): Name = "Published"; Value = "8-Jun-2000"; VariantName = "[No Variations]"
Add component (AddParameter): Name = "Publisher"; Value = "Altium Limited"; VariantName = "[No Variations]"
Add component (AddParameter): Name = "Value"; Value = "10K (mpl)"; VariantName = "[No Variations]"
Added Component: Designator=R17(AXIAL-0.4)
Add component. Clean all parameters for all variants
Add component (AddParameter): Name = "LatestRevisionDate"; Value = "17-Jul-2002"; VariantName = "[No Variations]"
Add component (AddParameter): Name = "LatestRevisionNote"; Value = "Re-released for DXP Platform."; VariantName = "[No Variations]"
Add component (AddParameter): Name = "PackageDescription"; Value = "Axial Device, Thru-Hole; 2 Leads; 0.4 in Pin Spacing"; VariantName = "[No Variations]"
Add component (AddParameter): Name = "PackageReference"; Value = "AXIAL-0.4"; VariantName = "[No Variations]"
Add component (AddParameter): Name = "Published"; Value = "8-Jun-2000"; VariantName = "[No Variations]"
Add component (AddParameter): Name = "Publisher"; Value = "Altium Limited"; VariantName = "[No Variations]"
Add component (AddParameter): Name = "Value"; Value = "100R(mpm)"; VariantName = "[No Variations]"
Added Component: Designator=R18(AXIAL-0.4)
Add component. Clean all parameters for all variants
Add component (AddParameter): Name = "LatestRevisionDate"; Value = "17-Jul-2002"; VariantName = "[No Variations]"
Add component (AddParameter): Name = "LatestRevisionNote"; Value = "Re-released for DXP Platform."; VariantName = "[No Variations]"
Add component (AddParameter): Name = "PackageDescription"; Value = "Axial Device, Thru-Hole; 2 Leads; 0.4 in Pin Spacing"; VariantName = "[No Variations]"
Add component (AddParameter): Name = "PackageReference"; Value = "AXIAL-0.4"; VariantName = "[No Variations]"
Add component (AddParameter): Name = "Published"; Value = "8-Jun-2000"; VariantName = "[No Variations]"
Add component (AddParameter): Name = "Publisher"; Value = "Altium Limited"; VariantName = "[No Variations]"
Add component (AddParameter): Name = "Value"; Value = "10K (mpl)"; VariantName = "[No Variations]"
Added Component: Designator=R19(AXIAL-0.4)
Add component. Clean all parameters for all variants
Add component (AddParameter): Name = "LatestRevisionDate"; Value = "17-Jul-2002"; VariantName = "[No Variations]"
Add component (AddParameter): Name = "LatestRevisionNote"; Value = "Re-released for DXP Platform."; VariantName = "[No Variations]"
Add component (AddParameter): Name = "PackageDescription"; Value = "Axial Device, Thru-Hole; 2 Leads; 0.4 in Pin Spacing"; VariantName = "[No Variations]"
Add component (AddParameter): Name = "PackageReference"; Value = "AXIAL-0.4"; VariantName = "[No Variations]"
Add component (AddParameter): Name = "Published"; Value = "8-Jun-2000"; VariantName = "[No Variations]"
Add component (AddParameter): Name = "Publisher"; Value = "Altium Limited"; VariantName = "[No Variations]"
Add component (AddParameter): Name = "Value"; Value = "100R(mpm)"; VariantName = "[No Variations]"
Added Component: Designator=R20(AXIAL-0.4)
Add component. Clean all parameters for all variants
Add component (AddParameter): Name = "LatestRevisionDate"; Value = "17-Jul-2002"; VariantName = "[No Variations]"
Add component (AddParameter): Name = "LatestRevisionNote"; Value = "Re-released for DXP Platform."; VariantName = "[No Variations]"
Add component (AddParameter): Name = "PackageDescription"; Value = "Axial Device, Thru-Hole; 2 Leads; 0.4 in Pin Spacing"; VariantName = "[No Variations]"
Add component (AddParameter): Name = "PackageReference"; Value = "AXIAL-0.4"; VariantName = "[No Variations]"
Add component (AddParameter): Name = "Published"; Value = "8-Jun-2000"; VariantName = "[No Variations]"
Add component (AddParameter): Name = "Publisher"; Value = "Altium Limited"; VariantName = "[No Variations]"
Add component (AddParameter): Name = "Value"; Value = "10K (mpl)"; VariantName = "[No Variations]"
Added Component: Designator=R21(AXIAL-0.4)
Add component. Clean all parameters for all variants
Add component (AddParameter): Name = "LatestRevisionDate"; Value = "17-Jul-2002"; VariantName = "[No Variations]"
Add component (AddParameter): Name = "LatestRevisionNote"; Value = "Re-released for DXP Platform."; VariantName = "[No Variations]"
Add component (AddParameter): Name = "PackageDescription"; Value = "Axial Device, Thru-Hole; 2 Leads; 0.4 in Pin Spacing"; VariantName = "[No Variations]"
Add component (AddParameter): Name = "PackageReference"; Value = "AXIAL-0.4"; VariantName = "[No Variations]"
Add component (AddParameter): Name = "Published"; Value = "8-Jun-2000"; VariantName = "[No Variations]"
Add component (AddParameter): Name = "Publisher"; Value = "Altium Limited"; VariantName = "[No Variations]"
Add component (AddParameter): Name = "Value"; Value = "10k(mpl)"; VariantName = "[No Variations]"
Added Component: Designator=R22(AXIAL-0.4)
Add component. Clean all parameters for all variants
Add component (AddParameter): Name = "LatestRevisionDate"; Value = "17-Jul-2002"; VariantName = "[No Variations]"
Add component (AddParameter): Name = "LatestRevisionNote"; Value = "Re-released for DXP Platform."; VariantName = "[No Variations]"
Add component (AddParameter): Name = "PackageDescription"; Value = "Axial Device, Thru-Hole; 2 Leads; 0.4 in Pin Spacing"; VariantName = "[No Variations]"
Add component (AddParameter): Name = "PackageReference"; Value = "AXIAL-0.4"; VariantName = "[No Variations]"
Add component (AddParameter): Name = "Published"; Value = "8-Jun-2000"; VariantName = "[No Variations]"
Add component (AddParameter): Name = "Publisher"; Value = "Altium Limited"; VariantName = "[No Variations]"
Add component (AddParameter): Name = "Value"; Value = "10K (mpl)"; VariantName = "[No Variations]"
Added Component: Designator=R23(AXIAL-0.4)
Add component. Clean all parameters for all variants
Add component (AddParameter): Name = "LatestRevisionDate"; Value = "17-Jul-2002"; VariantName = "[No Variations]"
Add component (AddParameter): Name = "LatestRevisionNote"; Value = "Re-released for DXP Platform."; VariantName = "[No Variations]"
Add component (AddParameter): Name = "PackageDescription"; Value = "Axial Device, Thru-Hole; 2 Leads; 0.4 in Pin Spacing"; VariantName = "[No Variations]"
Add component (AddParameter): Name = "PackageReference"; Value = "AXIAL-0.4"; VariantName = "[No Variations]"
Add component (AddParameter): Name = "Published"; Value = "8-Jun-2000"; VariantName = "[No Variations]"
Add component (AddParameter): Name = "Publisher"; Value = "Altium Limited"; VariantName = "[No Variations]"
Add component (AddParameter): Name = "Value"; Value = "10k(mpl)"; VariantName = "[No Variations]"
Added Component: Designator=R24(AXIAL-0.4)
Add component. Clean all parameters for all variants
Add component (AddParameter): Name = "LatestRevisionDate"; Value = "17-Jul-2002"; VariantName = "[No Variations]"
Add component (AddParameter): Name = "LatestRevisionNote"; Value = "Re-released for DXP Platform."; VariantName = "[No Variations]"
Add component (AddParameter): Name = "PackageDescription"; Value = "Axial Device, Thru-Hole; 2 Leads; 0.4 in Pin Spacing"; VariantName = "[No Variations]"
Add component (AddParameter): Name = "PackageReference"; Value = "AXIAL-0.4"; VariantName = "[No Variations]"
Add component (AddParameter): Name = "Published"; Value = "8-Jun-2000"; VariantName = "[No Variations]"
Add component (AddParameter): Name = "Publisher"; Value = "Altium Limited"; VariantName = "[No Variations]"
Add component (AddParameter): Name = "Value"; Value = "10K (mpl)"; VariantName = "[No Variations]"
Added Net: Name=ADD 1
Added Net: Name=ADD 2
Added Net: Name=ADD 3
Added Net: Name=ADD 4
Added Net: Name=ADD 5
Added Net: Name=ADD 6
Added Net: Name=GND (SENSOR)
Added Pin To Net: NetName=GND_8V Pin=C1-2
Added Pin To Net: NetName=GND_8V Pin=C2-2
Added Pin To Net: NetName=GND_8V Pin=C3-2
Added Pin To Net: NetName=GND_8V Pin=C4-2
Added Pin To Net: NetName=GND_8V Pin=C5-2
Added Pin To Net: NetName=GND_8V Pin=C6-2
Added Pin To Net: NetName=GND_8V Pin=R7-1
Added Pin To Net: NetName=GND_8V Pin=R8-1
Added Pin To Net: NetName=GND_8V Pin=R14-1
Added Pin To Net: NetName=GND_8V Pin=R16-1
Added Pin To Net: NetName=GND_8V Pin=R22-1
Added Pin To Net: NetName=GND_8V Pin=R24-1
Added Net: Name=GND_8V
Added Pin To Net: NetName=GND_uC Pin=Q1-1
Added Pin To Net: NetName=GND_uC Pin=Q2-1
Added Pin To Net: NetName=GND_uC Pin=Q3-1
Added Pin To Net: NetName=GND_uC Pin=Q4-1
Added Pin To Net: NetName=GND_uC Pin=Q5-1
Added Pin To Net: NetName=GND_uC Pin=Q6-1
Added Net: Name=GND_uC
Added Pin To Net: NetName=NetQ1_2 Pin=Q1-2
Added Pin To Net: NetName=NetQ1_2 Pin=R5-1
Added Net: Name=NetQ1_2
Added Pin To Net: NetName=NetQ1_3 Pin=Q1-3
Added Net: Name=NetQ1_3
Added Pin To Net: NetName=NetQ2_2 Pin=Q2-2
Added Pin To Net: NetName=NetQ2_2 Pin=R6-1
Added Net: Name=NetQ2_2
Added Pin To Net: NetName=NetQ2_3 Pin=Q2-3
Added Net: Name=NetQ2_3
Added Pin To Net: NetName=NetQ3_2 Pin=Q3-2
Added Pin To Net: NetName=NetQ3_2 Pin=R13-1
Added Net: Name=NetQ3_2
Added Pin To Net: NetName=NetQ3_3 Pin=Q3-3
Added Net: Name=NetQ3_3
Added Pin To Net: NetName=NetQ4_2 Pin=Q4-2
Added Pin To Net: NetName=NetQ4_2 Pin=R15-1
Added Net: Name=NetQ4_2
Added Pin To Net: NetName=NetQ4_3 Pin=Q4-3
Added Net: Name=NetQ4_3
Added Pin To Net: NetName=NetQ5_2 Pin=Q5-2
Added Pin To Net: NetName=NetQ5_2 Pin=R21-1
Added Net: Name=NetQ5_2
Added Pin To Net: NetName=NetQ5_3 Pin=Q5-3
Added Net: Name=NetQ5_3
Added Pin To Net: NetName=NetQ6_2 Pin=Q6-2
Added Pin To Net: NetName=NetQ6_2 Pin=R23-1
Added Net: Name=NetQ6_2
Added Pin To Net: NetName=NetQ6_3 Pin=Q6-3
Added Net: Name=NetQ6_3
Added Pin To Net: NetName=NetR1_1 Pin=R1-1
Added Net: Name=NetR1_1
Added Pin To Net: NetName=NetR2_1 Pin=R2-1
Added Net: Name=NetR2_1
Added Pin To Net: NetName=NetR3_1 Pin=R3-1
Added Net: Name=NetR3_1
Added Pin To Net: NetName=NetR4_1 Pin=R4-1
Added Net: Name=NetR4_1
Added Pin To Net: NetName=NetR9_1 Pin=R9-1
Added Net: Name=NetR9_1
Added Pin To Net: NetName=NetR10_1 Pin=R10-1
Added Net: Name=NetR10_1
Added Pin To Net: NetName=NetR11_1 Pin=R11-1
Added Net: Name=NetR11_1
Added Pin To Net: NetName=NetR12_1 Pin=R12-1
Added Net: Name=NetR12_1
Added Pin To Net: NetName=NetR17_1 Pin=R17-1
Added Net: Name=NetR17_1
Added Pin To Net: NetName=NetR18_1 Pin=R18-1
Added Net: Name=NetR18_1
Added Pin To Net: NetName=NetR19_1 Pin=R19-1
Added Net: Name=NetR19_1
Added Pin To Net: NetName=NetR20_1 Pin=R20-1
Added Net: Name=NetR20_1
Added Pin To Net: NetName=PWM_Servo_1 Pin=R6-2
Added Net: Name=PWM_Servo_1
Added Pin To Net: NetName=PWM_Servo_2 Pin=R13-2
Added Net: Name=PWM_Servo_2
Added Pin To Net: NetName=PWM_Servo_3 Pin=R21-2
Added Net: Name=PWM_Servo_3
Added Pin To Net: NetName=PWM_Servo_4 Pin=R23-2
Added Net: Name=PWM_Servo_4
Added Pin To Net: NetName=PWM_Servo_5 Pin=R15-2
Added Net: Name=PWM_Servo_5
Added Pin To Net: NetName=PWM_Servo_6 Pin=R5-2
Added Net: Name=PWM_Servo_6
Added Net: Name=SCL 1
Added Net: Name=SCL 2
Added Net: Name=SCL 3
Added Net: Name=SCL 4
Added Net: Name=SCL 5
Added Net: Name=SCL 6
Added Net: Name=SDA 1
Added Net: Name=SDA 2
Added Net: Name=SDA 3
Added Net: Name=SDA 4
Added Net: Name=SDA 5
Added Net: Name=SDA 6
Added Pin To Net: NetName=Servo_1 Pin=C2-1
Added Pin To Net: NetName=Servo_1 Pin=R8-2
Added Net: Name=Servo_1
Added Pin To Net: NetName=Servo_2 Pin=C3-1
Added Pin To Net: NetName=Servo_2 Pin=R14-2
Added Net: Name=Servo_2
Added Pin To Net: NetName=Servo_3 Pin=C5-1
Added Pin To Net: NetName=Servo_3 Pin=R22-2
Added Net: Name=Servo_3
Added Pin To Net: NetName=Servo_4 Pin=C6-1
Added Pin To Net: NetName=Servo_4 Pin=R24-2
Added Net: Name=Servo_4
Added Pin To Net: NetName=Servo_5 Pin=C4-1
Added Pin To Net: NetName=Servo_5 Pin=R16-2
Added Net: Name=Servo_5
Added Pin To Net: NetName=Servo_6 Pin=C1-1
Added Pin To Net: NetName=Servo_6 Pin=R7-2
Added Net: Name=Servo_6
Added Net: Name=VCC  (SENSOR)
Added Pin To Net: NetName=VCC_8V Pin=R3-2
Added Pin To Net: NetName=VCC_8V Pin=R4-2
Added Pin To Net: NetName=VCC_8V Pin=R10-2
Added Pin To Net: NetName=VCC_8V Pin=R12-2
Added Pin To Net: NetName=VCC_8V Pin=R18-2
Added Pin To Net: NetName=VCC_8V Pin=R20-2
Added Net: Name=VCC_8V
Added Pin To Net: NetName=VCC_uC Pin=R1-2
Added Pin To Net: NetName=VCC_uC Pin=R2-2
Added Pin To Net: NetName=VCC_uC Pin=R9-2
Added Pin To Net: NetName=VCC_uC Pin=R11-2
Added Pin To Net: NetName=VCC_uC Pin=R17-2
Added Pin To Net: NetName=VCC_uC Pin=R19-2
Added Net: Name=VCC_uC
Added Class: Name=Placa_da_Base
Added Class: Name=Placa_do_uControlador
Added Room: Name=Placa_da_Base
Added Room: Name=Placa_do_uControlador
